#
# There is insufficient memory for the Java Runtime Environment to continue.
# Native memory allocation (malloc) failed to allocate 32744 bytes for ChunkPool::allocate
# Possible reasons:
#   The system is out of physical RAM or swap space
#   In 32 bit mode, the process size limit was hit
# Possible solutions:
#   Reduce memory load on the system
#   Increase physical memory or swap space
#   Check if swap backing store is full
#   Use 64 bit Java on a 64 bit OS
#   Decrease Java heap size (-Xmx/-Xms)
#   Decrease number of Java threads
#   Decrease Java thread stack sizes (-Xss)
#   Set larger code cache with -XX:ReservedCodeCacheSize=
# This output file may be truncated or incomplete.
#
#  Out of Memory Error (allocation.cpp:273), pid=2288, tid=0x0000000000000b8c
#
# JRE version: Java(TM) SE Runtime Environment (8.0_111-b14) (build 1.8.0_111-b14)
# Java VM: Java HotSpot(TM) 64-Bit Server VM (25.111-b14 mixed mode windows-amd64 compressed oops)
# Failed to write core dump. Minidumps are not enabled by default on client versions of Windows
#

---------------  T H R E A D  ---------------

Current thread (0x0000000058309800):  JavaThread "C2 CompilerThread1" daemon [_thread_in_native, id=2956, stack(0x0000000058bb0000,0x0000000058cb0000)]

Stack: [0x0000000058bb0000,0x0000000058cb0000]
[error occurred during error reporting (printing stack bounds), id 0xc0000005]

Native frames: (J=compiled Java code, j=interpreted, Vv=VM code, C=native code)


Current CompileTask:
C2:   7361  456       4       java.lang.StringBuilder::append (8 bytes)


---------------  P R O C E S S  ---------------

Java Threads: ( => current thread )
  0x000000005860f000 JavaThread "Monitor Ctrl-Break" daemon [_thread_in_native, id=5812, stack(0x0000000059380000,0x0000000059480000)]
  0x0000000056f8f000 JavaThread "Service Thread" daemon [_thread_blocked, id=3820, stack(0x0000000058ec0000,0x0000000058fc0000)]
  0x000000005831b000 JavaThread "C1 CompilerThread2" daemon [_thread_in_native, id=5824, stack(0x0000000058d00000,0x0000000058e00000)]
=>0x0000000058309800 JavaThread "C2 CompilerThread1" daemon [_thread_in_native, id=2956, stack(0x0000000058bb0000,0x0000000058cb0000)]
  0x0000000058306800 JavaThread "C2 CompilerThread0" daemon [_thread_blocked, id=5344, stack(0x00000000589d0000,0x0000000058ad0000)]
  0x0000000058303800 JavaThread "Attach Listener" daemon [_thread_blocked, id=1384, stack(0x0000000058840000,0x0000000058940000)]
  0x0000000056f86000 JavaThread "Signal Dispatcher" daemon [_thread_blocked, id=5372, stack(0x0000000058070000,0x0000000058170000)]
  0x0000000056f6e800 JavaThread "Finalizer" daemon [_thread_blocked, id=1496, stack(0x0000000058200000,0x0000000058300000)]
  0x0000000056f27800 JavaThread "Reference Handler" daemon [_thread_blocked, id=2952, stack(0x0000000057f10000,0x0000000058010000)]
  0x0000000002098000 JavaThread "main" [_thread_in_vm, id=1236, stack(0x0000000002320000,0x0000000002420000)]

Other Threads:
  0x0000000056f20800 VMThread [stack: 0x0000000057de0000,0x0000000057ee0000] [id=3392]
  0x00000000583c5000 WatcherThread [stack: 0x0000000059040000,0x0000000059140000] [id=1388]

VM state:not at safepoint (normal execution)

VM Mutex/Monitor currently owned by a thread: None

Heap:
 PSYoungGen      total 34816K, used 12603K [0x00000000d9d80000, 0x00000000dc400000, 0x0000000100000000)
  eden space 30208K, 41% used [0x00000000d9d80000,0x00000000da9cefb8,0x00000000dbb00000)
  from space 4608K, 0% used [0x00000000dbf80000,0x00000000dbf80000,0x00000000dc400000)
  to   space 4608K, 0% used [0x00000000dbb00000,0x00000000dbb00000,0x00000000dbf80000)
 ParOldGen       total 79360K, used 0K [0x000000008d800000, 0x0000000092580000, 0x00000000d9d80000)
  object space 79360K, 0% used [0x000000008d800000,0x000000008d800000,0x0000000092580000)
 Metaspace       used 8268K, capacity 8382K, committed 8704K, reserved 1056768K
  class space    used 862K, capacity 919K, committed 1024K, reserved 1048576K

Card table byte_map: [0x0000000011ab0000,0x0000000011e50000] byte_map_base: 0x0000000011644000

Marking Bits: (ParMarkBitMap*) 0x0000000069fba6c0
 Begin Bits: [0x00000000128b0000, 0x0000000014550000)
 End Bits:   [0x0000000014550000, 0x00000000161f0000)

Polling page: 0x0000000000130000

CodeCache: size=245760Kb used=2140Kb max_used=2140Kb free=243619Kb
 bounds [0x00000000026f0000, 0x0000000002960000, 0x00000000116f0000]
 total_blobs=853 nmethods=447 adapters=320
 compilation: enabled

Compilation events (10 events):
Event: 7.036 Thread 0x000000005831b000  443       3       sun.nio.fs.WindowsDirectoryStream$WindowsDirectoryIterator::isSelfOrParent (24 bytes)
Event: 7.036 Thread 0x000000005831b000 nmethod 443 0x0000000002903110 code [0x0000000002903280, 0x00000000029035f8]
Event: 7.036 Thread 0x000000005831b000  446       3       sun.security.provider.DigestBase::engineUpdate (189 bytes)
Event: 7.039 Thread 0x000000005831b000 nmethod 446 0x0000000002905550 code [0x0000000002905760, 0x0000000002906358]
Event: 7.039 Thread 0x000000005831b000  447       3       java.security.MessageDigest::update (14 bytes)
Event: 7.039 Thread 0x000000005831b000 nmethod 447 0x0000000002905110 code [0x0000000002905280, 0x00000000029054a8]
Event: 7.039 Thread 0x000000005831b000  448       3       java.security.MessageDigest$Delegate::engineUpdate (11 bytes)
Event: 7.039 Thread 0x000000005831b000 nmethod 448 0x0000000002904c90 code [0x0000000002904e00, 0x0000000002905028]
Event: 7.039 Thread 0x000000005831b000  444       3       sun.nio.fs.WindowsPathParser::parse (384 bytes)
Event: 7.043 Thread 0x0000000058309800  456       4       java.lang.StringBuilder::append (8 bytes)

GC Heap History (0 events):
No events

Deoptimization events (2 events):
Event: 4.531 Thread 0x0000000002098000 Uncommon trap: reason=unstable_if action=reinterpret pc=0x0000000002896844 method=java.lang.String.indexOf([CII[CIII)I @ 3
Event: 6.295 Thread 0x0000000002098000 Uncommon trap: reason=unstable_if action=reinterpret pc=0x0000000002846100 method=sun.nio.cs.UTF_8$Encoder.encode([CII[B)I @ 33

Internal exceptions (10 events):
Event: 0.284 Thread 0x0000000002098000 Exception <a 'java/lang/NoSuchMethodError': Method sun.misc.Unsafe.defineClass(Ljava/lang/String;[BII)Ljava/lang/Class; name or signature does not match> (0x00000000d9d87c78) thrown at [C:\re\workspace\8-2-build-windows-amd64-cygwin\jdk8u111\7883\hotspot\
Event: 0.284 Thread 0x0000000002098000 Exception <a 'java/lang/NoSuchMethodError': Method sun.misc.Unsafe.prefetchRead(Ljava/lang/Object;J)V name or signature does not match> (0x00000000d9d87f60) thrown at [C:\re\workspace\8-2-build-windows-amd64-cygwin\jdk8u111\7883\hotspot\src\share\vm\prims
Event: 0.513 Thread 0x0000000002098000 Exception <a 'java/io/FileNotFoundException'> (0x00000000d9e041f0) thrown at [C:\re\workspace\8-2-build-windows-amd64-cygwin\jdk8u111\7883\hotspot\src\share\vm\prims\jni.cpp, line 709]
Event: 2.018 Thread 0x0000000002098000 Exception <a 'java/security/PrivilegedActionException'> (0x00000000da0b9630) thrown at [C:\re\workspace\8-2-build-windows-amd64-cygwin\jdk8u111\7883\hotspot\src\share\vm\prims\jvm.cpp, line 1386]
Event: 2.018 Thread 0x0000000002098000 Exception <a 'java/security/PrivilegedActionException'> (0x00000000da0b9840) thrown at [C:\re\workspace\8-2-build-windows-amd64-cygwin\jdk8u111\7883\hotspot\src\share\vm\prims\jvm.cpp, line 1386]
Event: 2.019 Thread 0x0000000002098000 Exception <a 'java/security/PrivilegedActionException'> (0x00000000da0bd728) thrown at [C:\re\workspace\8-2-build-windows-amd64-cygwin\jdk8u111\7883\hotspot\src\share\vm\prims\jvm.cpp, line 1386]
Event: 2.019 Thread 0x0000000002098000 Exception <a 'java/security/PrivilegedActionException'> (0x00000000da0bd938) thrown at [C:\re\workspace\8-2-build-windows-amd64-cygwin\jdk8u111\7883\hotspot\src\share\vm\prims\jvm.cpp, line 1386]
Event: 2.182 Thread 0x0000000002098000 Exception <a 'java/io/FileNotFoundException'> (0x00000000da0cf880) thrown at [C:\re\workspace\8-2-build-windows-amd64-cygwin\jdk8u111\7883\hotspot\src\share\vm\prims\jni.cpp, line 709]
Event: 2.471 Thread 0x0000000002098000 Exception <a 'java/lang/NoSuchFieldError': method resolution failed> (0x00000000da19c970) thrown at [C:\re\workspace\8-2-build-windows-amd64-cygwin\jdk8u111\7883\hotspot\src\share\vm\prims\methodHandles.cpp, line 1146]
Event: 2.474 Thread 0x0000000002098000 Exception <a 'java/lang/NoSuchFieldError': method resolution failed> (0x00000000da1a9d40) thrown at [C:\re\workspace\8-2-build-windows-amd64-cygwin\jdk8u111\7883\hotspot\src\share\vm\prims\methodHandles.cpp, line 1146]

Events (10 events):
Event: 6.486 loading class java/nio/file/attribute/BasicFileAttributes
Event: 6.486 loading class java/nio/file/attribute/BasicFileAttributes done
Event: 6.486 loading class java/nio/file/attribute/DosFileAttributes done
Event: 6.486 loading class sun/nio/fs/WindowsFileAttributes done
Event: 6.486 loading class sun/nio/fs/WindowsDirectoryStream$WindowsDirectoryIterator
Event: 6.487 loading class sun/nio/fs/WindowsDirectoryStream$WindowsDirectoryIterator done
Event: 6.487 loading class sun/nio/fs/WindowsPath$WindowsPathWithAttributes
Event: 6.487 loading class sun/nio/fs/BasicFileAttributesHolder
Event: 6.487 loading class sun/nio/fs/BasicFileAttributesHolder done
Event: 6.487 loading class sun/nio/fs/WindowsPath$WindowsPathWithAttributes done


Dynamic libraries:
0x000000013f890000 - 0x000000013f8c7000 	C:\Program Files\Java\jdk1.8.0_111\bin\java.exe
0x0000000077510000 - 0x00000000776b9000 	C:\Windows\SYSTEM32\ntdll.dll
0x00000000772f0000 - 0x000000007740f000 	C:\Windows\system32\kernel32.dll
0x000007fefd5c0000 - 0x000007fefd62b000 	C:\Windows\system32\KERNELBASE.dll
0x000007fefd8a0000 - 0x000007fefd97b000 	C:\Windows\system32\ADVAPI32.dll
0x000007fefeaf0000 - 0x000007fefeb8f000 	C:\Windows\system32\msvcrt.dll
0x000007feff5c0000 - 0x000007feff5df000 	C:\Windows\SYSTEM32\sechost.dll
0x000007fefef20000 - 0x000007feff04d000 	C:\Windows\system32\RPCRT4.dll
0x0000000077410000 - 0x000000007750a000 	C:\Windows\system32\USER32.dll
0x000007feff190000 - 0x000007feff1f7000 	C:\Windows\system32\GDI32.dll
0x000007feff100000 - 0x000007feff10e000 	C:\Windows\system32\LPK.dll
0x000007fefee50000 - 0x000007fefef19000 	C:\Windows\system32\USP10.dll
0x000007fefb960000 - 0x000007fefbb54000 	C:\Windows\WinSxS\amd64_microsoft.windows.common-controls_6595b64144ccf1df_6.0.7601.17514_none_fa396087175ac9ac\COMCTL32.dll
0x000007feff110000 - 0x000007feff181000 	C:\Windows\system32\SHLWAPI.dll
0x000007fefee20000 - 0x000007fefee4e000 	C:\Windows\system32\IMM32.DLL
0x000007feff200000 - 0x000007feff309000 	C:\Windows\system32\MSCTF.dll
0x000000006d2b0000 - 0x000000006d382000 	C:\Program Files\Java\jdk1.8.0_111\jre\bin\msvcr100.dll
0x00000000697a0000 - 0x000000006a03a000 	C:\Program Files\Java\jdk1.8.0_111\jre\bin\server\jvm.dll
0x000007fee2ea0000 - 0x000007fee2ea9000 	C:\Windows\system32\WSOCK32.dll
0x000007feff050000 - 0x000007feff09d000 	C:\Windows\system32\WS2_32.dll
0x000007fefd870000 - 0x000007fefd878000 	C:\Windows\system32\NSI.dll
0x000007fefaca0000 - 0x000007fefacdb000 	C:\Windows\system32\WINMM.dll
0x000007fefc420000 - 0x000007fefc42c000 	C:\Windows\system32\VERSION.dll
0x00000000776d0000 - 0x00000000776d7000 	C:\Windows\system32\PSAPI.DLL
0x0000000073a30000 - 0x0000000073a3f000 	C:\Program Files\Java\jdk1.8.0_111\jre\bin\verify.dll
0x0000000073a00000 - 0x0000000073a29000 	C:\Program Files\Java\jdk1.8.0_111\jre\bin\java.dll
0x0000000073920000 - 0x0000000073936000 	C:\Program Files\Java\jdk1.8.0_111\jre\bin\zip.dll
0x000007fefd980000 - 0x000007fefe708000 	C:\Windows\system32\SHELL32.dll
0x000007fefeb90000 - 0x000007fefed93000 	C:\Windows\system32\ole32.dll
0x000007fefd2c0000 - 0x000007fefd2cf000 	C:\Windows\system32\profapi.dll
0x000007fef44e0000 - 0x000007fef44f0000 	C:\Program Files (x86)\JetBrains\IntelliJ IDEA Community Edition 2016.3\bin\breakgen64.dll
0x0000000073940000 - 0x000000007395a000 	C:\Program Files\Java\jdk1.8.0_111\jre\bin\net.dll
0x000007fefcb30000 - 0x000007fefcb85000 	C:\Windows\system32\mswsock.dll
0x000007fefcb20000 - 0x000007fefcb27000 	C:\Windows\System32\wship6.dll
0x000000006d700000 - 0x000000006d898000 	C:\Program Files\Java\jdk1.8.0_111\jre\bin\awt.dll
0x000007fefd790000 - 0x000007fefd867000 	C:\Windows\system32\OLEAUT32.dll
0x000007fefcb90000 - 0x000007fefcba7000 	C:\Windows\system32\CRYPTSP.dll
0x000007fefc890000 - 0x000007fefc8d7000 	C:\Windows\system32\rsaenh.dll
0x000007fefc610000 - 0x000007fefc62e000 	C:\Windows\system32\USERENV.dll
0x000007fefd1f0000 - 0x000007fefd1ff000 	C:\Windows\system32\CRYPTBASE.dll
0x000007fefa790000 - 0x000007fefa7b7000 	C:\Windows\system32\IPHLPAPI.DLL
0x000007fefa780000 - 0x000007fefa78b000 	C:\Windows\system32\WINNSI.DLL
0x000007fefaf80000 - 0x000007fefaf91000 	C:\Windows\system32\dhcpcsvc6.DLL
0x000007fefaf60000 - 0x000007fefaf78000 	C:\Windows\system32\dhcpcsvc.DLL
0x00000000738b0000 - 0x00000000738c1000 	C:\Program Files\Java\jdk1.8.0_111\jre\bin\nio.dll

VM Arguments:
jvm_args: -Didea.launcher.port=7535 -Didea.launcher.bin.path=C:\Program Files (x86)\JetBrains\IntelliJ IDEA Community Edition 2016.3\bin -Dfile.encoding=UTF-8 
java_command: com.intellij.rt.execution.application.AppMain OpenGL
java_class_path (initial): C:\Program Files\Java\jdk1.8.0_111\jre\lib\charsets.jar;C:\Program Files\Java\jdk1.8.0_111\jre\lib\deploy.jar;C:\Program Files\Java\jdk1.8.0_111\jre\lib\ext\access-bridge-64.jar;C:\Program Files\Java\jdk1.8.0_111\jre\lib\ext\cldrdata.jar;C:\Program Files\Java\jdk1.8.0_111\jre\lib\ext\dnsns.jar;C:\Program Files\Java\jdk1.8.0_111\jre\lib\ext\jaccess.jar;C:\Program Files\Java\jdk1.8.0_111\jre\lib\ext\jfxrt.jar;C:\Program Files\Java\jdk1.8.0_111\jre\lib\ext\localedata.jar;C:\Program Files\Java\jdk1.8.0_111\jre\lib\ext\nashorn.jar;C:\Program Files\Java\jdk1.8.0_111\jre\lib\ext\sunec.jar;C:\Program Files\Java\jdk1.8.0_111\jre\lib\ext\sunjce_provider.jar;C:\Program Files\Java\jdk1.8.0_111\jre\lib\ext\sunmscapi.jar;C:\Program Files\Java\jdk1.8.0_111\jre\lib\ext\sunpkcs11.jar;C:\Program Files\Java\jdk1.8.0_111\jre\lib\ext\zipfs.jar;C:\Program Files\Java\jdk1.8.0_111\jre\lib\javaws.jar;C:\Program Files\Java\jdk1.8.0_111\jre\lib\jce.jar;C:\Program Files\Java\jdk1.8.0_111\jre\lib\jfr.jar;C:\Program Files\Java\jdk1.8.0_111\jre\lib\jfxswt.jar;C:\Program Files\Java\jdk1.8.0_111\jre\lib\jsse.jar;C:\Program Files\Java\jdk1.8.0_111\jre\lib\management-agent.jar;C:\Program Files\Java\jdk1.8.0_111\jre\lib\plugin.jar;C:\Program Files\Java\jdk1.8.0_111\jre\lib\resources.jar;C:\Program Files\Java\jdk1.8.0_111\jre\lib\rt.jar;C:\Users\Admin\IdeaProjects\DicomReaderOnJava\target\classes;C:\DicomForJava\dicom.jar;C:\DicomForJava\dicom.stripped.jar;C:\Users\Admin\.m2\repository\org\jogamp\gluegen\gluegen-rt-main\2.3.1\gluegen-rt-main-2.3.1.jar;C:\Users\Admin\.m2\repository\org\jogamp\gluegen\gluegen-rt\2.3.1\gluegen-rt-2.3.1.jar;C:\Users\Admin\.m2\repository\org\jogamp\gluegen\gluegen-rt\2.3.1\gluegen-rt-2.3.1-natives-android-aarch64.jar;C:\Users\Admin\.m2\repository\org\jogamp\gluegen\gluegen-rt\2.3.1\gluegen-rt-2.3.1-natives-android-armv6.jar;C:\Users\Admin\.m2\repository\org\jogamp\gluegen\gluegen-rt\2.3.1\gluegen-rt-2.3.1-natives-linux-amd64.jar;C:\Users\Admin\.
Launcher Type: SUN_STANDARD

Environment Variables:
JAVA_HOME=C:\Program Files\Java\jdk1.8.0_111
PATH=C:\ProgramData\Oracle\Java\javapath;C:\Program Files\Broadcom\Broadcom 802.11 Network Adapter\Driver;;C:\Program Files (x86)\AMD APP\bin\x86_64;C:\Program Files (x86)\AMD APP\bin\x86;C:\Windows\system32;C:\Windows;C:\Windows\System32\Wbem;C:\Windows\System32\WindowsPowerShell\v1.0\;C:\Program Files (x86)\ATI Technologies\ATI.ACE\Core-Static;C:\Program Files (x86)\QuickTime\QTSystem\;C:\Program Files (x86)\AMD\ATI.ACE\Core-Static;c:\Program Files (x86)\Microsoft SQL Server\100\Tools\Binn\;c:\Program Files\Microsoft SQL Server\100\Tools\Binn\;c:\Program Files\Microsoft SQL Server\100\DTS\Binn\;C:\Program Files (x86)\Skype\Phone\
USERNAME=Admin
OS=Windows_NT
PROCESSOR_IDENTIFIER=AMD64 Family 21 Model 16 Stepping 1, AuthenticAMD



---------------  S Y S T E M  ---------------

OS: Windows 7 , 64 bit Build 7601 (6.1.7601.18229)

CPU:total 4 (4 cores per cpu, 1 threads per core) family 21 model 16 stepping 1, cmov, cx8, fxsr, mmx, sse, sse2, sse3, ssse3, sse4.1, sse4.2, popcnt, avx, aes, clmul, mmxext, 3dnowpref, lzcnt, sse4a, tsc, tscinvbit, tscinv, bmi1

Memory: 4k page, physical 7496452k(1067316k free), swap 9591740k(2904k free)

vm_info: Java HotSpot(TM) 64-Bit Server VM (25.111-b14) for windows-amd64 JRE (1.8.0_111-b14), built on Sep 22 2016 19:24:05 by "java_re" with MS VC++ 10.0 (VS2010)

time: Wed Dec 28 00:43:27 2016
elapsed time: 7 seconds (0d 0h 0m 7s)

